c:\users\mohammed atef\source\repos\onlinemarketgui\onlinemarketgui\x64\debug\vc143.pdb
c:\users\mohammed atef\source\repos\onlinemarketgui\onlinemarketgui\x64\debug\.netframework,version=v4.7.2.assemblyattributes.obj
c:\users\mohammed atef\source\repos\onlinemarketgui\onlinemarketgui\x64\debug\user.obj
c:\users\mohammed atef\source\repos\onlinemarketgui\onlinemarketgui\x64\debug\product.obj
c:\users\mohammed atef\source\repos\onlinemarketgui\onlinemarketgui\x64\debug\myform.obj
c:\users\mohammed atef\source\repos\onlinemarketgui\onlinemarketgui\x64\debug\loginform.obj
c:\users\mohammed atef\source\repos\onlinemarketgui\onlinemarketgui\x64\debug\dashboard.obj
c:\users\mohammed atef\source\repos\onlinemarketgui\x64\debug\onlinemarketgui.exe
c:\users\mohammed atef\source\repos\onlinemarketgui\x64\debug\onlinemarketgui.pdb
c:\users\mohammed atef\source\repos\onlinemarketgui\onlinemarketgui\x64\debug\onlinemarketgui.tlog\cl.command.1.tlog
c:\users\mohammed atef\source\repos\onlinemarketgui\onlinemarketgui\x64\debug\onlinemarketgui.tlog\cl.read.1.tlog
c:\users\mohammed atef\source\repos\onlinemarketgui\onlinemarketgui\x64\debug\onlinemarketgui.tlog\cl.write.1.tlog
c:\users\mohammed atef\source\repos\onlinemarketgui\onlinemarketgui\x64\debug\onlinemarketgui.tlog\link.command.1.tlog
c:\users\mohammed atef\source\repos\onlinemarketgui\onlinemarketgui\x64\debug\onlinemarketgui.tlog\link.read.1.tlog
c:\users\mohammed atef\source\repos\onlinemarketgui\onlinemarketgui\x64\debug\onlinemarketgui.tlog\link.write.1.tlog
c:\users\mohammed atef\source\repos\onlinemarketgui\onlinemarketgui\x64\debug\onlinemarketgui.tlog\metagen.read.1.tlog
c:\users\mohammed atef\source\repos\onlinemarketgui\onlinemarketgui\x64\debug\onlinemarketgui.tlog\metagen.write.1.tlog
c:\users\mohammed atef\source\repos\onlinemarketgui\onlinemarketgui\x64\debug\onlinemarketgui.tlog\resgen.command.1.tlog
c:\users\mohammed atef\source\repos\onlinemarketgui\onlinemarketgui\x64\debug\onlinemarketgui.tlog\resgen.read.1.tlog
c:\users\mohammed atef\source\repos\onlinemarketgui\onlinemarketgui\x64\debug\onlinemarketgui.tlog\resgen.write.1.tlog
