c:\users\mohammed atef\source\repos\onlinemarketgui\dashproductlibrary\x64\debug\dashproductlibrary.pch
c:\users\mohammed atef\source\repos\onlinemarketgui\dashproductlibrary\x64\debug\vc143.pdb
c:\users\mohammed atef\source\repos\onlinemarketgui\dashproductlibrary\x64\debug\pch.obj
c:\users\mohammed atef\source\repos\onlinemarketgui\dashproductlibrary\x64\debug\dashproductlibrary.obj
c:\users\mohammed atef\source\repos\onlinemarketgui\dashproductlibrary\x64\debug\assemblyinfo.obj
c:\users\mohammed atef\source\repos\onlinemarketgui\dashproductlibrary\x64\debug\.netframework,version=v4.7.2.assemblyattributes.obj
c:\users\mohammed atef\source\repos\onlinemarketgui\dashproductlibrary\x64\debug\productviewer.obj
c:\users\mohammed atef\source\repos\onlinemarketgui\x64\debug\dashproductlibrary.dll
c:\users\mohammed atef\source\repos\onlinemarketgui\x64\debug\dashproductlibrary.pdb
c:\users\mohammed atef\source\repos\onlinemarketgui\dashproductlibrary\x64\debug\app.res
c:\users\mohammed atef\source\repos\onlinemarketgui\dashproductlibrary\x64\debug\dashprod.ef49523d.tlog\cl.command.1.tlog
c:\users\mohammed atef\source\repos\onlinemarketgui\dashproductlibrary\x64\debug\dashprod.ef49523d.tlog\cl.read.1.tlog
c:\users\mohammed atef\source\repos\onlinemarketgui\dashproductlibrary\x64\debug\dashprod.ef49523d.tlog\cl.write.1.tlog
c:\users\mohammed atef\source\repos\onlinemarketgui\dashproductlibrary\x64\debug\dashprod.ef49523d.tlog\link.command.1.tlog
c:\users\mohammed atef\source\repos\onlinemarketgui\dashproductlibrary\x64\debug\dashprod.ef49523d.tlog\link.read.1.tlog
c:\users\mohammed atef\source\repos\onlinemarketgui\dashproductlibrary\x64\debug\dashprod.ef49523d.tlog\link.write.1.tlog
c:\users\mohammed atef\source\repos\onlinemarketgui\dashproductlibrary\x64\debug\dashprod.ef49523d.tlog\metagen.read.1.tlog
c:\users\mohammed atef\source\repos\onlinemarketgui\dashproductlibrary\x64\debug\dashprod.ef49523d.tlog\metagen.write.1.tlog
c:\users\mohammed atef\source\repos\onlinemarketgui\dashproductlibrary\x64\debug\dashprod.ef49523d.tlog\rc.command.1.tlog
c:\users\mohammed atef\source\repos\onlinemarketgui\dashproductlibrary\x64\debug\dashprod.ef49523d.tlog\rc.read.1.tlog
c:\users\mohammed atef\source\repos\onlinemarketgui\dashproductlibrary\x64\debug\dashprod.ef49523d.tlog\rc.write.1.tlog
c:\users\mohammed atef\source\repos\onlinemarketgui\dashproductlibrary\x64\debug\dashprod.ef49523d.tlog\resgen.command.1.tlog
c:\users\mohammed atef\source\repos\onlinemarketgui\dashproductlibrary\x64\debug\dashprod.ef49523d.tlog\resgen.read.1.tlog
c:\users\mohammed atef\source\repos\onlinemarketgui\dashproductlibrary\x64\debug\dashprod.ef49523d.tlog\resgen.write.1.tlog
