c:\users\mohammed atef\source\repos\onlinemarketgui\helpingtools\x64\debug\helpingtools.pch
c:\users\mohammed atef\source\repos\onlinemarketgui\helpingtools\x64\debug\vc143.pdb
c:\users\mohammed atef\source\repos\onlinemarketgui\helpingtools\x64\debug\pch.obj
c:\users\mohammed atef\source\repos\onlinemarketgui\helpingtools\x64\debug\storeproduct.obj
c:\users\mohammed atef\source\repos\onlinemarketgui\helpingtools\x64\debug\searchproduct.obj
c:\users\mohammed atef\source\repos\onlinemarketgui\helpingtools\x64\debug\prodeditor.obj
c:\users\mohammed atef\source\repos\onlinemarketgui\helpingtools\x64\debug\offersproduct.obj
c:\users\mohammed atef\source\repos\onlinemarketgui\helpingtools\x64\debug\helpingtools.obj
c:\users\mohammed atef\source\repos\onlinemarketgui\helpingtools\x64\debug\dashproduct.obj
c:\users\mohammed atef\source\repos\onlinemarketgui\helpingtools\x64\debug\carteproduct.obj
c:\users\mohammed atef\source\repos\onlinemarketgui\helpingtools\x64\debug\assemblyinfo.obj
c:\users\mohammed atef\source\repos\onlinemarketgui\helpingtools\x64\debug\.netframework,version=v4.7.2.assemblyattributes.obj
c:\users\mohammed atef\source\repos\onlinemarketgui\x64\debug\helpingtools.dll
c:\users\mohammed atef\source\repos\onlinemarketgui\x64\debug\helpingtools.pdb
c:\users\mohammed atef\source\repos\onlinemarketgui\helpingtools\x64\debug\app.res
c:\users\mohammed atef\source\repos\onlinemarketgui\helpingtools\x64\debug\helpingtools.tlog\cl.command.1.tlog
c:\users\mohammed atef\source\repos\onlinemarketgui\helpingtools\x64\debug\helpingtools.tlog\cl.read.1.tlog
c:\users\mohammed atef\source\repos\onlinemarketgui\helpingtools\x64\debug\helpingtools.tlog\cl.write.1.tlog
c:\users\mohammed atef\source\repos\onlinemarketgui\helpingtools\x64\debug\helpingtools.tlog\link.command.1.tlog
c:\users\mohammed atef\source\repos\onlinemarketgui\helpingtools\x64\debug\helpingtools.tlog\link.read.1.tlog
c:\users\mohammed atef\source\repos\onlinemarketgui\helpingtools\x64\debug\helpingtools.tlog\link.write.1.tlog
c:\users\mohammed atef\source\repos\onlinemarketgui\helpingtools\x64\debug\helpingtools.tlog\metagen.read.1.tlog
c:\users\mohammed atef\source\repos\onlinemarketgui\helpingtools\x64\debug\helpingtools.tlog\metagen.write.1.tlog
c:\users\mohammed atef\source\repos\onlinemarketgui\helpingtools\x64\debug\helpingtools.tlog\rc.command.1.tlog
c:\users\mohammed atef\source\repos\onlinemarketgui\helpingtools\x64\debug\helpingtools.tlog\rc.read.1.tlog
c:\users\mohammed atef\source\repos\onlinemarketgui\helpingtools\x64\debug\helpingtools.tlog\rc.write.1.tlog
c:\users\mohammed atef\source\repos\onlinemarketgui\helpingtools\x64\debug\helpingtools.tlog\resgen.command.1.tlog
c:\users\mohammed atef\source\repos\onlinemarketgui\helpingtools\x64\debug\helpingtools.tlog\resgen.read.1.tlog
c:\users\mohammed atef\source\repos\onlinemarketgui\helpingtools\x64\debug\helpingtools.tlog\resgen.write.1.tlog
